#
# There is insufficient memory for the Java Runtime Environment to continue.
# Native memory allocation (mmap) failed to map 199229440 bytes for G1 virtual space
# Possible reasons:
#   The system is out of physical RAM or swap space
#   The process is running with CompressedOops enabled, and the Java Heap may be blocking the growth of the native heap
# Possible solutions:
#   Reduce memory load on the system
#   Increase physical memory or swap space
#   Check if swap backing store is full
#   Decrease Java heap size (-Xmx/-Xms)
#   Decrease number of Java threads
#   Decrease Java thread stack sizes (-Xss)
#   Set larger code cache with -XX:ReservedCodeCacheSize=
#   JVM is running with Zero Based Compressed Oops mode in which the Java heap is
#     placed in the first 32GB address space. The Java Heap base address is the
#     maximum limit for the native heap growth. Please use -XX:HeapBaseMinAddress
#     to set the Java Heap base and to place the Java Heap above 32GB virtual address.
# This output file may be truncated or incomplete.
#
#  Out of Memory Error (os_windows.cpp:3550), pid=150988, tid=148920
#
# JRE version:  (17.0.6+9) (build )
# Java VM: Java HotSpot(TM) 64-Bit Server VM (17.0.6+9-LTS-190, mixed mode, sharing, tiered, compressed oops, compressed class ptrs, g1 gc, windows-amd64)
# No core dump will be written. Minidumps are not enabled by default on client versions of Windows
#

---------------  S U M M A R Y ------------

Command Line: C:\Users\igbec\AppData\Local\Temp\surefire8344545469012630875\surefirebooter8309083048264917228.jar C:\Users\igbec\AppData\Local\Temp\surefire8344545469012630875 2023-03-10T21-10-34_301-jvmRun1 surefire18206195553849976652tmp surefire_016387087340581575245tmp

Host: 11th Gen Intel(R) Core(TM) i5-1135G7 @ 2.40GHz, 8 cores, 11G,  Windows 11 , 64 bit Build 22621 (10.0.22621.1194)
Time: Fri Mar 10 21:10:34 2023 Eastern Standard Time elapsed time: 0.011362 seconds (0d 0h 0m 0s)

---------------  T H R E A D  ---------------

Current thread (0x0000013cbddea2e0):  JavaThread "Unknown thread" [_thread_in_vm, id=148920, stack(0x0000001d69700000,0x0000001d69800000)]

Stack: [0x0000001d69700000,0x0000001d69800000]
Native frames: (J=compiled Java code, j=interpreted, Vv=VM code, C=native code)
V  [jvm.dll+0x6734ea]
V  [jvm.dll+0x7d18f4]
V  [jvm.dll+0x7d309e]
V  [jvm.dll+0x7d3703]
V  [jvm.dll+0x2433c5]
V  [jvm.dll+0x6703f9]
V  [jvm.dll+0x664d32]
V  [jvm.dll+0x300086]
V  [jvm.dll+0x307606]
V  [jvm.dll+0x356c1e]
V  [jvm.dll+0x356e4f]
V  [jvm.dll+0x2d72e8]
V  [jvm.dll+0x2d8254]
V  [jvm.dll+0x7a33b1]
V  [jvm.dll+0x3647f1]
V  [jvm.dll+0x782839]
V  [jvm.dll+0x3e757f]
V  [jvm.dll+0x3e9001]
C  [jli.dll+0x5297]
C  [ucrtbase.dll+0x29363]
C  [KERNEL32.DLL+0x126bd]
C  [ntdll.dll+0x5dfb8]


---------------  P R O C E S S  ---------------

Threads class SMR info:
_java_thread_list=0x00007fff55cbe958, length=0, elements={
}

Java Threads: ( => current thread )

Other Threads:
  0x0000013cbde41880 GCTaskThread "GC Thread#0" [stack: 0x0000001d69800000,0x0000001d69900000] [id=150012]
  0x0000013cbde4e490 ConcurrentGCThread "G1 Main Marker" [stack: 0x0000001d69900000,0x0000001d69a00000] [id=14000]
  0x0000013cbde4f000 ConcurrentGCThread "G1 Conc#0" [stack: 0x0000001d69a00000,0x0000001d69b00000] [id=47752]

[error occurred during error reporting (printing all threads), id 0xc0000005, EXCEPTION_ACCESS_VIOLATION (0xc0000005) at pc=0x00007fff554f7f07]

VM state: not at safepoint (not fully initialized)

VM Mutex/Monitor currently owned by a thread:  ([mutex/lock_event])
[0x0000013cbdde5a60] Heap_lock - owner thread: 0x0000013cbddea2e0

Heap address: 0x0000000743200000, size: 3022 MB, Compressed Oops mode: Zero based, Oop shift amount: 3

CDS archive(s) mapped at: [0x0000000000000000-0x0000000000000000-0x0000000000000000), size 0, SharedBaseAddress: 0x0000000800000000, ArchiveRelocationMode: 0.
Narrow klass base: 0x0000000000000000, Narrow klass shift: 0, Narrow klass range: 0x0

GC Precious Log:
<Empty>

Heap:
 garbage-first heap   total 0K, used 0K [0x0000000743200000, 0x0000000800000000)
  region size 2048K, 0 young (0K), 0 survivors (0K)

[error occurred during error reporting (printing heap information), id 0xc0000005, EXCEPTION_ACCESS_VIOLATION (0xc0000005) at pc=0x00007fff558dc759]

GC Heap History (0 events):
No events

Deoptimization events (0 events):
No events

Classes unloaded (0 events):
No events

Classes redefined (0 events):
No events

Internal exceptions (0 events):
No events

VM Operations (0 events):
No events

Events (1 events):
Event: 0.006 Loaded shared library C:\Program Files\Java\jdk-17\bin\java.dll


Dynamic libraries:
0x00007ff7f98f0000 - 0x00007ff7f9900000 	C:\Program Files\Java\jdk-17\bin\java.exe
0x00007ff84b9f0000 - 0x00007ff84bc04000 	C:\WINDOWS\SYSTEM32\ntdll.dll
0x00007ff8498b0000 - 0x00007ff849973000 	C:\WINDOWS\System32\KERNEL32.DLL
0x00007ff849220000 - 0x00007ff8495bc000 	C:\WINDOWS\System32\KERNELBASE.dll
0x00007ff8495c0000 - 0x00007ff8496d1000 	C:\WINDOWS\System32\ucrtbase.dll
0x00007ff81f9f0000 - 0x00007ff81fa08000 	C:\Program Files\Java\jdk-17\bin\jli.dll
0x00007ff81fbc0000 - 0x00007ff81fbdb000 	C:\Program Files\Java\jdk-17\bin\VCRUNTIME140.dll
0x00007ff849800000 - 0x00007ff8498ae000 	C:\WINDOWS\System32\ADVAPI32.dll
0x00007ff849f70000 - 0x00007ff84a017000 	C:\WINDOWS\System32\msvcrt.dll
0x00007ff84a080000 - 0x00007ff84a124000 	C:\WINDOWS\System32\sechost.dll
0x00007ff84a490000 - 0x00007ff84a5a5000 	C:\WINDOWS\System32\RPCRT4.dll
0x00007ff84ab30000 - 0x00007ff84acdd000 	C:\WINDOWS\System32\USER32.dll
0x00007ff82cd90000 - 0x00007ff82d01e000 	C:\WINDOWS\WinSxS\amd64_microsoft.windows.common-controls_6595b64144ccf1df_6.0.22621.608_none_a9444ca7c10bb01d\COMCTL32.dll
0x00007ff8490b0000 - 0x00007ff8490d6000 	C:\WINDOWS\System32\win32u.dll
0x00007ff84a130000 - 0x00007ff84a159000 	C:\WINDOWS\System32\GDI32.dll
0x00007ff8496e0000 - 0x00007ff8497f2000 	C:\WINDOWS\System32\gdi32full.dll
0x00007ff848ea0000 - 0x00007ff848f3a000 	C:\WINDOWS\System32\msvcp_win.dll
0x00007ff8408f0000 - 0x00007ff8408fa000 	C:\WINDOWS\SYSTEM32\VERSION.dll
0x00007ff849f30000 - 0x00007ff849f62000 	C:\WINDOWS\System32\IMM32.DLL
0x00007ff82dd80000 - 0x00007ff82dd8c000 	C:\Program Files\Java\jdk-17\bin\vcruntime140_1.dll
0x00007fff90dc0000 - 0x00007fff90e4e000 	C:\Program Files\Java\jdk-17\bin\msvcp140.dll
0x00007fff55210000 - 0x00007fff55de7000 	C:\Program Files\Java\jdk-17\bin\server\jvm.dll
0x00007ff84b050000 - 0x00007ff84b058000 	C:\WINDOWS\System32\PSAPI.DLL
0x00007ff81f5e0000 - 0x00007ff81f5e9000 	C:\WINDOWS\SYSTEM32\WSOCK32.dll
0x00007ff840930000 - 0x00007ff840964000 	C:\WINDOWS\SYSTEM32\WINMM.dll
0x00007ff84ace0000 - 0x00007ff84ad51000 	C:\WINDOWS\System32\WS2_32.dll
0x00007ff847f50000 - 0x00007ff847f68000 	C:\WINDOWS\SYSTEM32\kernel.appcore.dll
0x00007ff815c10000 - 0x00007ff815c1a000 	C:\Program Files\Java\jdk-17\bin\jimage.dll
0x00007ff846570000 - 0x00007ff84679e000 	C:\WINDOWS\SYSTEM32\DBGHELP.DLL
0x00007ff849b20000 - 0x00007ff849eaa000 	C:\WINDOWS\System32\combase.dll
0x00007ff84b870000 - 0x00007ff84b947000 	C:\WINDOWS\System32\OLEAUT32.dll
0x00007ff821100000 - 0x00007ff821132000 	C:\WINDOWS\SYSTEM32\dbgcore.DLL
0x00007ff8490e0000 - 0x00007ff84915b000 	C:\WINDOWS\System32\bcryptPrimitives.dll
0x00007ffffd720000 - 0x00007ffffd745000 	C:\Program Files\Java\jdk-17\bin\java.dll

dbghelp: loaded successfully - version: 4.0.5 - missing functions: none
symbol engine: initialized successfully - sym options: 0x614 - pdb path: .;C:\Program Files\Java\jdk-17\bin;C:\WINDOWS\SYSTEM32;C:\WINDOWS\WinSxS\amd64_microsoft.windows.common-controls_6595b64144ccf1df_6.0.22621.608_none_a9444ca7c10bb01d;C:\Program Files\Java\jdk-17\bin\server

VM Arguments:
java_command: C:\Users\igbec\AppData\Local\Temp\surefire8344545469012630875\surefirebooter8309083048264917228.jar C:\Users\igbec\AppData\Local\Temp\surefire8344545469012630875 2023-03-10T21-10-34_301-jvmRun1 surefire18206195553849976652tmp surefire_016387087340581575245tmp
java_class_path (initial): C:\Users\igbec\AppData\Local\Temp\surefire8344545469012630875\surefirebooter8309083048264917228.jar
Launcher Type: SUN_STANDARD

[Global flags]
     intx CICompilerCount                          = 4                                         {product} {ergonomic}
     uint ConcGCThreads                            = 2                                         {product} {ergonomic}
     uint G1ConcRefinementThreads                  = 8                                         {product} {ergonomic}
   size_t G1HeapRegionSize                         = 2097152                                   {product} {ergonomic}
    uintx GCDrainStackTargetSize                   = 64                                        {product} {ergonomic}
   size_t InitialHeapSize                          = 199229440                                 {product} {ergonomic}
   size_t MarkStackSize                            = 4194304                                   {product} {ergonomic}
   size_t MaxHeapSize                              = 3168796672                                {product} {ergonomic}
   size_t MinHeapDeltaBytes                        = 2097152                                   {product} {ergonomic}
   size_t MinHeapSize                              = 8388608                                   {product} {ergonomic}
    uintx NonNMethodCodeHeapSize                   = 5839372                                {pd product} {ergonomic}
    uintx NonProfiledCodeHeapSize                  = 122909434                              {pd product} {ergonomic}
    uintx ProfiledCodeHeapSize                     = 122909434                              {pd product} {ergonomic}
    uintx ReservedCodeCacheSize                    = 251658240                              {pd product} {ergonomic}
     bool SegmentedCodeCache                       = true                                      {product} {ergonomic}
   size_t SoftMaxHeapSize                          = 3168796672                             {manageable} {ergonomic}
     bool UseCompressedClassPointers               = true                           {product lp64_product} {ergonomic}
     bool UseCompressedOops                        = true                           {product lp64_product} {ergonomic}
     bool UseG1GC                                  = true                                      {product} {ergonomic}
     bool UseLargePagesIndividualAllocation        = false                                  {pd product} {ergonomic}

Logging:
Log output configuration:
 #0: stdout all=warning uptime,level,tags
 #1: stderr all=off uptime,level,tags

Environment Variables:
PATH=C:\Program Files\Common Files\Oracle\Java\javapath;C:\WINDOWS\system32;C:\WINDOWS;C:\WINDOWS\System32\Wbem;C:\WINDOWS\System32\WindowsPowerShell\v1.0\;C:\WINDOWS\System32\OpenSSH\;C:\Program Files\Java\jdk-17\bin;C:\Program Files\Git\cmd;C:\Users\igbec\AppData\Local\Microsoft\WindowsApps;C:\Program Files\JetBrains\IntelliJ IDEA Community Edition 2022.3.1\bin;;C:\Users\igbec\AppData\Local\Programs\Microsoft VS Code\bin;C:\Users\igbec\AppData\Local\GitHubDesktop\bin
USERNAME=igbec
OS=Windows_NT
PROCESSOR_IDENTIFIER=Intel64 Family 6 Model 140 Stepping 1, GenuineIntel



---------------  S Y S T E M  ---------------

OS:
 Windows 11 , 64 bit Build 22621 (10.0.22621.1194)
OS uptime: 0 days 8:36 hours
Hyper-V role detected

CPU: total 8 (initial active 8) (4 cores per cpu, 2 threads per core) family 6 model 140 stepping 1 microcode 0x8a, cx8, cmov, fxsr, ht, mmx, 3dnowpref, sse, sse2, sse3, ssse3, sse4.1, sse4.2, popcnt, lzcnt, tsc, tscinvbit, avx, avx2, aes, erms, clmul, bmi1, bmi2, adx, avx512f, avx512dq, avx512cd, avx512bw, avx512vl, sha, fma, vzeroupper, avx512_vpopcntdq, avx512_vpclmulqdq, avx512_vaes, avx512_vnni, clflush, clflushopt, clwb, avx512_vbmi2, avx512_vbmi, hv

Memory: 4k page, system-wide physical 12087M (962M free)
TotalPageFile size 48951M (AvailPageFile size 112M)
current process WorkingSet (physical memory assigned to process): 11M, peak: 11M
current process commit charge ("private bytes"): 60M, peak: 250M

vm_info: Java HotSpot(TM) 64-Bit Server VM (17.0.6+9-LTS-190) for windows-amd64 JRE (17.0.6+9-LTS-190), built on Dec  6 2022 15:53:54 by "mach5one" with MS VC++ 17.1 (VS2022)

END.
